<?xml version="1.0" encoding="UTF-8"?>
<!-- Generated by org.testng.reporters.JUnitXMLReporter -->
<testsuite ignored="0" hostname="Confiz-4343" failures="0" tests="14" name="Complete test run" time="20.541" errors="0" timestamp="2022-03-21T17:30:49 PKT">
  <testcase classname="Testcases.CreateNewUserAPI" name="addNewUserAPI" time="2.973"/>
  <testcase classname="Testcases.CreateNewUserAPI" name="addNewUserAPI" time="1.505"/>
  <testcase classname="Testcases.CreateNewUserAPI" name="addNewUserAPI" time="1.268"/>
  <testcase classname="Testcases.CreateNewUserAPI" name="addNewUserAPI" time="1.217"/>
  <testcase classname="Testcases.CreateNewUserAPI" name="addNewUserAPI" time="1.231"/>
  <testcase classname="Testcases.GetSingleUserAPI" name="GetsingleUserAPI" time="0.869"/>
  <testcase classname="Testcases.GetSingleUserAPI" name="GetsingleUserAPI" time="0.84"/>
  <testcase classname="Testcases.GetSingleUserAPI" name="GetsingleUserAPI" time="0.883"/>
  <testcase classname="Testcases.GetSingleUserAPI" name="GetsingleUserAPI" time="2.194"/>
  <testcase classname="Testcases.UpdateRecordAPI" name="UpdateUserRecordAPI" time="1.217"/>
  <testcase classname="Testcases.UpdateRecordAPI" name="UpdateUserRecordAPI" time="1.239"/>
  <testcase classname="Testcases.DeleteRecordAPI" name="DeleteUser" time="1.198"/>
  <testcase classname="Testcases.DeleteRecordAPI" name="DeleteUser" time="1.22"/>
  <testcase classname="Testcases.PassingJSON" name="CreateUserAPI" time="1.254"/>
</testsuite> <!-- Complete test run -->
