<?xml version="1.0" encoding="UTF-8"?>
<testng-results ignored="0" total="15" passed="14" failed="1" skipped="0">
  <reporter-output>
  </reporter-output>
  <suite started-at="2022-03-21T15:19:18 PKT" name="APITests" finished-at="2022-03-21T15:19:35 PKT" duration-ms="16729">
    <groups>
    </groups>
    <test started-at="2022-03-21T15:19:18 PKT" name="Complete test run" finished-at="2022-03-21T15:19:35 PKT" duration-ms="16729">
      <class name="Testcases.UpdateRecordAPI">
        <test-method signature="UpdateUserRecordAPI(java.lang.String,java.lang.String,java.lang.String)[pri:0, instance:Testcases.UpdateRecordAPI@2e377400]" started-at="2022-03-21T15:19:31 PKT" name="UpdateUserRecordAPI" data-provider="updatedata" finished-at="2022-03-21T15:19:32 PKT" duration-ms="717" status="PASS">
          <params>
            <param index="0">
              <value>
                <![CDATA[2]]>
              </value>
            </param>
            <param index="1">
              <value>
                <![CDATA[qasim]]>
              </value>
            </param>
            <param index="2">
              <value>
                <![CDATA[SSTE]]>
              </value>
            </param>
          </params>
          <reporter-output>
          </reporter-output>
        </test-method> <!-- UpdateUserRecordAPI -->
        <test-method signature="UpdateUserRecordAPI(java.lang.String,java.lang.String,java.lang.String)[pri:0, instance:Testcases.UpdateRecordAPI@2e377400]" started-at="2022-03-21T15:19:32 PKT" name="UpdateUserRecordAPI" data-provider="updatedata" finished-at="2022-03-21T15:19:33 PKT" duration-ms="714" status="PASS">
          <params>
            <param index="0">
              <value>
                <![CDATA[3]]>
              </value>
            </param>
            <param index="1">
              <value>
                <![CDATA[TestUser]]>
              </value>
            </param>
            <param index="2">
              <value>
                <![CDATA[DBA]]>
              </value>
            </param>
          </params>
          <reporter-output>
          </reporter-output>
        </test-method> <!-- UpdateUserRecordAPI -->
      </class> <!-- Testcases.UpdateRecordAPI -->
      <class name="Testcases.PassingJSON">
        <test-method signature="CreateUserAPI(java.lang.String)[pri:0, instance:Testcases.PassingJSON@445b295b]" started-at="2022-03-21T15:19:34 PKT" name="CreateUserAPI" data-provider="userdataprovide" finished-at="2022-03-21T15:19:35 PKT" duration-ms="711" status="PASS">
          <params>
            <param index="0">
              <value>
                <![CDATA[{
    "name": "morpheus",
    "job": "leader"
}]]>
              </value>
            </param>
          </params>
          <reporter-output>
          </reporter-output>
        </test-method> <!-- CreateUserAPI -->
      </class> <!-- Testcases.PassingJSON -->
      <class name="Testcases.DeleteRecordAPI">
        <test-method signature="DeleteUser(java.lang.String)[pri:0, instance:Testcases.DeleteRecordAPI@1757cd72]" started-at="2022-03-21T15:19:33 PKT" name="DeleteUser" data-provider="GetUserID" finished-at="2022-03-21T15:19:34 PKT" duration-ms="737" status="PASS">
          <params>
            <param index="0">
              <value>
                <![CDATA[5]]>
              </value>
            </param>
          </params>
          <reporter-output>
          </reporter-output>
        </test-method> <!-- DeleteUser -->
        <test-method signature="DeleteUser(java.lang.String)[pri:0, instance:Testcases.DeleteRecordAPI@1757cd72]" started-at="2022-03-21T15:19:34 PKT" name="DeleteUser" data-provider="GetUserID" finished-at="2022-03-21T15:19:34 PKT" duration-ms="720" status="PASS">
          <params>
            <param index="0">
              <value>
                <![CDATA[6]]>
              </value>
            </param>
          </params>
          <reporter-output>
          </reporter-output>
        </test-method> <!-- DeleteUser -->
      </class> <!-- Testcases.DeleteRecordAPI -->
      <class name="Testcases.CreateNewUserAPI">
        <test-method signature="addNewUserAPI(java.lang.String,java.lang.String)[pri:0, instance:Testcases.CreateNewUserAPI@71e9ddb4]" started-at="2022-03-21T15:19:19 PKT" name="addNewUserAPI" data-provider="userdataprovide" finished-at="2022-03-21T15:19:21 PKT" duration-ms="2079" status="PASS">
          <params>
            <param index="0">
              <value>
                <![CDATA[test1]]>
              </value>
            </param>
            <param index="1">
              <value>
                <![CDATA[SQA]]>
              </value>
            </param>
          </params>
          <reporter-output>
          </reporter-output>
        </test-method> <!-- addNewUserAPI -->
        <test-method signature="addNewUserAPI(java.lang.String,java.lang.String)[pri:0, instance:Testcases.CreateNewUserAPI@71e9ddb4]" started-at="2022-03-21T15:19:21 PKT" name="addNewUserAPI" data-provider="userdataprovide" finished-at="2022-03-21T15:19:22 PKT" duration-ms="688" status="PASS">
          <params>
            <param index="0">
              <value>
                <![CDATA[test2]]>
              </value>
            </param>
            <param index="1">
              <value>
                <![CDATA[DBA]]>
              </value>
            </param>
          </params>
          <reporter-output>
          </reporter-output>
        </test-method> <!-- addNewUserAPI -->
        <test-method signature="addNewUserAPI(java.lang.String,java.lang.String)[pri:0, instance:Testcases.CreateNewUserAPI@71e9ddb4]" started-at="2022-03-21T15:19:22 PKT" name="addNewUserAPI" data-provider="userdataprovide" finished-at="2022-03-21T15:19:23 PKT" duration-ms="770" status="PASS">
          <params>
            <param index="0">
              <value>
                <![CDATA[test3]]>
              </value>
            </param>
            <param index="1">
              <value>
                <![CDATA[PM]]>
              </value>
            </param>
          </params>
          <reporter-output>
          </reporter-output>
        </test-method> <!-- addNewUserAPI -->
        <test-method signature="addNewUserAPI(java.lang.String,java.lang.String)[pri:0, instance:Testcases.CreateNewUserAPI@71e9ddb4]" started-at="2022-03-21T15:19:23 PKT" name="addNewUserAPI" data-provider="userdataprovide" finished-at="2022-03-21T15:19:24 PKT" duration-ms="760" status="PASS">
          <params>
            <param index="0">
              <value>
                <![CDATA[test4]]>
              </value>
            </param>
            <param index="1">
              <value>
                <![CDATA[Developer]]>
              </value>
            </param>
          </params>
          <reporter-output>
          </reporter-output>
        </test-method> <!-- addNewUserAPI -->
        <test-method signature="addNewUserAPI(java.lang.String,java.lang.String)[pri:0, instance:Testcases.CreateNewUserAPI@71e9ddb4]" started-at="2022-03-21T15:19:24 PKT" name="addNewUserAPI" data-provider="userdataprovide" finished-at="2022-03-21T15:19:25 PKT" duration-ms="877" status="PASS">
          <params>
            <param index="0">
              <value>
                <![CDATA[test5]]>
              </value>
            </param>
            <param index="1">
              <value>
                <![CDATA[Architect]]>
              </value>
            </param>
          </params>
          <reporter-output>
          </reporter-output>
        </test-method> <!-- addNewUserAPI -->
      </class> <!-- Testcases.CreateNewUserAPI -->
      <class name="Testcases.GetSingleUserAPI">
        <test-method signature="GetsingleUserAPI(java.lang.String)[pri:0, instance:Testcases.GetSingleUserAPI@561b6512]" started-at="2022-03-21T15:19:25 PKT" name="GetsingleUserAPI" data-provider="GetUserID" finished-at="2022-03-21T15:19:26 PKT" duration-ms="905" status="PASS">
          <params>
            <param index="0">
              <value>
                <![CDATA[1]]>
              </value>
            </param>
          </params>
          <reporter-output>
          </reporter-output>
        </test-method> <!-- GetsingleUserAPI -->
        <test-method signature="GetsingleUserAPI(java.lang.String)[pri:0, instance:Testcases.GetSingleUserAPI@561b6512]" started-at="2022-03-21T15:19:26 PKT" name="GetsingleUserAPI" data-provider="GetUserID" finished-at="2022-03-21T15:19:28 PKT" duration-ms="1907" status="PASS">
          <params>
            <param index="0">
              <value>
                <![CDATA[2]]>
              </value>
            </param>
          </params>
          <reporter-output>
          </reporter-output>
        </test-method> <!-- GetsingleUserAPI -->
        <test-method signature="GetsingleUserAPI(java.lang.String)[pri:0, instance:Testcases.GetSingleUserAPI@561b6512]" started-at="2022-03-21T15:19:28 PKT" name="GetsingleUserAPI" data-provider="GetUserID" finished-at="2022-03-21T15:19:28 PKT" duration-ms="875" status="PASS">
          <params>
            <param index="0">
              <value>
                <![CDATA[3]]>
              </value>
            </param>
          </params>
          <reporter-output>
          </reporter-output>
        </test-method> <!-- GetsingleUserAPI -->
        <test-method signature="GetsingleUserAPI(java.lang.String)[pri:0, instance:Testcases.GetSingleUserAPI@561b6512]" started-at="2022-03-21T15:19:28 PKT" name="GetsingleUserAPI" data-provider="GetUserID" finished-at="2022-03-21T15:19:31 PKT" duration-ms="2074" status="PASS">
          <params>
            <param index="0">
              <value>
                <![CDATA[4]]>
              </value>
            </param>
          </params>
          <reporter-output>
          </reporter-output>
        </test-method> <!-- GetsingleUserAPI -->
        <test-method signature="GetsingleUserAPI(java.lang.String)[pri:0, instance:Testcases.GetSingleUserAPI@561b6512]" started-at="2022-03-21T15:19:31 PKT" name="GetsingleUserAPI" data-provider="GetUserID" finished-at="2022-03-21T15:19:31 PKT" duration-ms="730" status="FAIL">
          <params>
            <param index="0">
              <value>
                <![CDATA[23]]>
              </value>
            </param>
          </params>
          <exception class="java.lang.AssertionError">
            <message>
              <![CDATA[expected [true] but found [false]]]>
            </message>
            <full-stacktrace>
              <![CDATA[java.lang.AssertionError: expected [true] but found [false]
at org.testng.Assert.fail(Assert.java:110)
at org.testng.Assert.failNotEquals(Assert.java:1413)
at org.testng.Assert.assertEqualsImpl(Assert.java:149)
at org.testng.Assert.assertEquals(Assert.java:131)
at org.testng.Assert.assertEquals(Assert.java:976)
at org.testng.Assert.assertEquals(Assert.java:1010)
at Testcases.GetSingleUserAPI.GetsingleUserAPI(GetSingleUserAPI.java:41)
at java.base/jdk.internal.reflect.NativeMethodAccessorImpl.invoke0(Native Method)
at java.base/jdk.internal.reflect.NativeMethodAccessorImpl.invoke(NativeMethodAccessorImpl.java:62)
at java.base/jdk.internal.reflect.DelegatingMethodAccessorImpl.invoke(DelegatingMethodAccessorImpl.java:43)
at java.base/java.lang.reflect.Method.invoke(Method.java:566)
at org.testng.internal.invokers.MethodInvocationHelper.invokeMethod(MethodInvocationHelper.java:135)
at org.testng.internal.invokers.TestInvoker.invokeMethod(TestInvoker.java:673)
at org.testng.internal.invokers.TestInvoker.invokeTestMethod(TestInvoker.java:220)
at org.testng.internal.invokers.MethodRunner.runInSequence(MethodRunner.java:50)
at org.testng.internal.invokers.TestInvoker$MethodInvocationAgent.invoke(TestInvoker.java:945)
at org.testng.internal.invokers.TestInvoker.invokeTestMethods(TestInvoker.java:193)
at org.testng.internal.invokers.TestMethodWorker.invokeTestMethods(TestMethodWorker.java:146)
at org.testng.internal.invokers.TestMethodWorker.run(TestMethodWorker.java:128)
at java.base/java.util.ArrayList.forEach(ArrayList.java:1541)
at org.testng.TestRunner.privateRun(TestRunner.java:808)
at org.testng.TestRunner.run(TestRunner.java:603)
at org.testng.SuiteRunner.runTest(SuiteRunner.java:429)
at org.testng.SuiteRunner.access$000(SuiteRunner.java:32)
at org.testng.SuiteRunner$SuiteWorker.run(SuiteRunner.java:467)
at org.testng.internal.thread.ThreadUtil.lambda$execute$0(ThreadUtil.java:58)
at java.base/java.util.concurrent.FutureTask.run(FutureTask.java:264)
at java.base/java.util.concurrent.ThreadPoolExecutor.runWorker(ThreadPoolExecutor.java:1128)
at java.base/java.util.concurrent.ThreadPoolExecutor$Worker.run(ThreadPoolExecutor.java:628)
at java.base/java.lang.Thread.run(Thread.java:834)
]]>
            </full-stacktrace>
          </exception> <!-- java.lang.AssertionError -->
          <reporter-output>
          </reporter-output>
        </test-method> <!-- GetsingleUserAPI -->
      </class> <!-- Testcases.GetSingleUserAPI -->
    </test> <!-- Complete test run -->
  </suite> <!-- APITests -->
</testng-results>
