<?xml version="1.0" encoding="UTF-8"?>
<testng-results ignored="0" total="14" passed="13" failed="1" skipped="0">
  <reporter-output>
  </reporter-output>
  <suite started-at="2022-03-18T15:53:01 PKT" name="APITests" finished-at="2022-03-18T15:53:21 PKT" duration-ms="20559">
    <groups>
    </groups>
    <test started-at="2022-03-18T15:53:01 PKT" name="Complete test run" finished-at="2022-03-18T15:53:21 PKT" duration-ms="20559">
      <class name="rdm.DeleteRecordAPI">
        <test-method signature="DeleteUser(java.lang.String)[pri:0, instance:rdm.DeleteRecordAPI@55fe41ea]" started-at="2022-03-18T15:53:19 PKT" name="DeleteUser" data-provider="GetUserID" finished-at="2022-03-18T15:53:20 PKT" duration-ms="1214" status="PASS">
          <params>
            <param index="0">
              <value>
                <![CDATA[5]]>
              </value>
            </param>
          </params>
          <reporter-output>
          </reporter-output>
        </test-method> <!-- DeleteUser -->
        <test-method signature="DeleteUser(java.lang.String)[pri:0, instance:rdm.DeleteRecordAPI@55fe41ea]" started-at="2022-03-18T15:53:20 PKT" name="DeleteUser" data-provider="GetUserID" finished-at="2022-03-18T15:53:21 PKT" duration-ms="1326" status="PASS">
          <params>
            <param index="0">
              <value>
                <![CDATA[6]]>
              </value>
            </param>
          </params>
          <reporter-output>
          </reporter-output>
        </test-method> <!-- DeleteUser -->
      </class> <!-- rdm.DeleteRecordAPI -->
      <class name="rdm.UpdateRecordAPI">
        <test-method signature="UpdateUserRecordAPI(java.lang.String,java.lang.String,java.lang.String)[pri:0, instance:rdm.UpdateRecordAPI@1c1bbc4e]" started-at="2022-03-18T15:53:16 PKT" name="UpdateUserRecordAPI" data-provider="updatedata" finished-at="2022-03-18T15:53:17 PKT" duration-ms="1235" status="PASS">
          <params>
            <param index="0">
              <value>
                <![CDATA[2]]>
              </value>
            </param>
            <param index="1">
              <value>
                <![CDATA[qasim]]>
              </value>
            </param>
            <param index="2">
              <value>
                <![CDATA[SSTE]]>
              </value>
            </param>
          </params>
          <reporter-output>
          </reporter-output>
        </test-method> <!-- UpdateUserRecordAPI -->
        <test-method signature="UpdateUserRecordAPI(java.lang.String,java.lang.String,java.lang.String)[pri:0, instance:rdm.UpdateRecordAPI@1c1bbc4e]" started-at="2022-03-18T15:53:17 PKT" name="UpdateUserRecordAPI" data-provider="updatedata" finished-at="2022-03-18T15:53:19 PKT" duration-ms="1790" status="PASS">
          <params>
            <param index="0">
              <value>
                <![CDATA[3]]>
              </value>
            </param>
            <param index="1">
              <value>
                <![CDATA[TestUser]]>
              </value>
            </param>
            <param index="2">
              <value>
                <![CDATA[DBA]]>
              </value>
            </param>
          </params>
          <reporter-output>
          </reporter-output>
        </test-method> <!-- UpdateUserRecordAPI -->
      </class> <!-- rdm.UpdateRecordAPI -->
      <class name="rdm.GetSingleUserAPI">
        <test-method signature="GetsingleUserAPI(java.lang.String)[pri:0, instance:rdm.GetSingleUserAPI@ba2f4ec]" started-at="2022-03-18T15:53:10 PKT" name="GetsingleUserAPI" data-provider="GetUserID" finished-at="2022-03-18T15:53:11 PKT" duration-ms="871" status="PASS">
          <params>
            <param index="0">
              <value>
                <![CDATA[1]]>
              </value>
            </param>
          </params>
          <reporter-output>
          </reporter-output>
        </test-method> <!-- GetsingleUserAPI -->
        <test-method signature="GetsingleUserAPI(java.lang.String)[pri:0, instance:rdm.GetSingleUserAPI@ba2f4ec]" started-at="2022-03-18T15:53:11 PKT" name="GetsingleUserAPI" data-provider="GetUserID" finished-at="2022-03-18T15:53:12 PKT" duration-ms="936" status="PASS">
          <params>
            <param index="0">
              <value>
                <![CDATA[2]]>
              </value>
            </param>
          </params>
          <reporter-output>
          </reporter-output>
        </test-method> <!-- GetsingleUserAPI -->
        <test-method signature="GetsingleUserAPI(java.lang.String)[pri:0, instance:rdm.GetSingleUserAPI@ba2f4ec]" started-at="2022-03-18T15:53:12 PKT" name="GetsingleUserAPI" data-provider="GetUserID" finished-at="2022-03-18T15:53:13 PKT" duration-ms="838" status="PASS">
          <params>
            <param index="0">
              <value>
                <![CDATA[3]]>
              </value>
            </param>
          </params>
          <reporter-output>
          </reporter-output>
        </test-method> <!-- GetsingleUserAPI -->
        <test-method signature="GetsingleUserAPI(java.lang.String)[pri:0, instance:rdm.GetSingleUserAPI@ba2f4ec]" started-at="2022-03-18T15:53:13 PKT" name="GetsingleUserAPI" data-provider="GetUserID" finished-at="2022-03-18T15:53:14 PKT" duration-ms="913" status="PASS">
          <params>
            <param index="0">
              <value>
                <![CDATA[4]]>
              </value>
            </param>
          </params>
          <reporter-output>
          </reporter-output>
        </test-method> <!-- GetsingleUserAPI -->
        <test-method signature="GetsingleUserAPI(java.lang.String)[pri:0, instance:rdm.GetSingleUserAPI@ba2f4ec]" started-at="2022-03-18T15:53:14 PKT" name="GetsingleUserAPI" data-provider="GetUserID" finished-at="2022-03-18T15:53:15 PKT" duration-ms="1538" status="FAIL">
          <params>
            <param index="0">
              <value>
                <![CDATA[23]]>
              </value>
            </param>
          </params>
          <exception class="java.lang.AssertionError">
            <message>
              <![CDATA[expected [true] but found [false]]]>
            </message>
            <full-stacktrace>
              <![CDATA[java.lang.AssertionError: expected [true] but found [false]
at org.testng.Assert.fail(Assert.java:99)
at org.testng.Assert.failNotEquals(Assert.java:1037)
at org.testng.Assert.assertEqualsImpl(Assert.java:140)
at org.testng.Assert.assertEquals(Assert.java:122)
at org.testng.Assert.assertEquals(Assert.java:819)
at org.testng.Assert.assertEquals(Assert.java:829)
at rdm.GetSingleUserAPI.GetsingleUserAPI(GetSingleUserAPI.java:40)
at java.base/jdk.internal.reflect.NativeMethodAccessorImpl.invoke0(Native Method)
at java.base/jdk.internal.reflect.NativeMethodAccessorImpl.invoke(NativeMethodAccessorImpl.java:62)
at java.base/jdk.internal.reflect.DelegatingMethodAccessorImpl.invoke(DelegatingMethodAccessorImpl.java:43)
at java.base/java.lang.reflect.Method.invoke(Method.java:566)
at org.testng.internal.MethodInvocationHelper.invokeMethod(MethodInvocationHelper.java:133)
at org.testng.internal.TestInvoker.invokeMethod(TestInvoker.java:598)
at org.testng.internal.TestInvoker.invokeTestMethod(TestInvoker.java:173)
at org.testng.internal.MethodRunner.runInSequence(MethodRunner.java:46)
at org.testng.internal.TestInvoker$MethodInvocationAgent.invoke(TestInvoker.java:824)
at org.testng.internal.TestInvoker.invokeTestMethods(TestInvoker.java:146)
at org.testng.internal.TestMethodWorker.invokeTestMethods(TestMethodWorker.java:146)
at org.testng.internal.TestMethodWorker.run(TestMethodWorker.java:128)
at java.base/java.util.ArrayList.forEach(ArrayList.java:1541)
at org.testng.TestRunner.privateRun(TestRunner.java:794)
at org.testng.TestRunner.run(TestRunner.java:596)
at org.testng.SuiteRunner.runTest(SuiteRunner.java:377)
at org.testng.SuiteRunner.access$000(SuiteRunner.java:28)
at org.testng.SuiteRunner$SuiteWorker.run(SuiteRunner.java:418)
at org.testng.internal.thread.ThreadUtil.lambda$execute$0(ThreadUtil.java:64)
at java.base/java.util.concurrent.FutureTask.run(FutureTask.java:264)
at java.base/java.util.concurrent.ThreadPoolExecutor.runWorker(ThreadPoolExecutor.java:1128)
at java.base/java.util.concurrent.ThreadPoolExecutor$Worker.run(ThreadPoolExecutor.java:628)
at java.base/java.lang.Thread.run(Thread.java:834)
]]>
            </full-stacktrace>
          </exception> <!-- java.lang.AssertionError -->
          <reporter-output>
          </reporter-output>
        </test-method> <!-- GetsingleUserAPI -->
      </class> <!-- rdm.GetSingleUserAPI -->
      <class name="rdm.CreateNewUserAPI">
        <test-method signature="addNewUserAPI(java.lang.String,java.lang.String)[pri:0, instance:rdm.CreateNewUserAPI@6743e411]" started-at="2022-03-18T15:53:02 PKT" name="addNewUserAPI" data-provider="userdataprovide" finished-at="2022-03-18T15:53:05 PKT" duration-ms="2979" status="PASS">
          <params>
            <param index="0">
              <value>
                <![CDATA[test1]]>
              </value>
            </param>
            <param index="1">
              <value>
                <![CDATA[SQA]]>
              </value>
            </param>
          </params>
          <reporter-output>
          </reporter-output>
        </test-method> <!-- addNewUserAPI -->
        <test-method signature="addNewUserAPI(java.lang.String,java.lang.String)[pri:0, instance:rdm.CreateNewUserAPI@6743e411]" started-at="2022-03-18T15:53:05 PKT" name="addNewUserAPI" data-provider="userdataprovide" finished-at="2022-03-18T15:53:06 PKT" duration-ms="1344" status="PASS">
          <params>
            <param index="0">
              <value>
                <![CDATA[test2]]>
              </value>
            </param>
            <param index="1">
              <value>
                <![CDATA[DBA]]>
              </value>
            </param>
          </params>
          <reporter-output>
          </reporter-output>
        </test-method> <!-- addNewUserAPI -->
        <test-method signature="addNewUserAPI(java.lang.String,java.lang.String)[pri:0, instance:rdm.CreateNewUserAPI@6743e411]" started-at="2022-03-18T15:53:06 PKT" name="addNewUserAPI" data-provider="userdataprovide" finished-at="2022-03-18T15:53:08 PKT" duration-ms="1530" status="PASS">
          <params>
            <param index="0">
              <value>
                <![CDATA[test3]]>
              </value>
            </param>
            <param index="1">
              <value>
                <![CDATA[PM]]>
              </value>
            </param>
          </params>
          <reporter-output>
          </reporter-output>
        </test-method> <!-- addNewUserAPI -->
        <test-method signature="addNewUserAPI(java.lang.String,java.lang.String)[pri:0, instance:rdm.CreateNewUserAPI@6743e411]" started-at="2022-03-18T15:53:08 PKT" name="addNewUserAPI" data-provider="userdataprovide" finished-at="2022-03-18T15:53:09 PKT" duration-ms="1350" status="PASS">
          <params>
            <param index="0">
              <value>
                <![CDATA[test4]]>
              </value>
            </param>
            <param index="1">
              <value>
                <![CDATA[Developer]]>
              </value>
            </param>
          </params>
          <reporter-output>
          </reporter-output>
        </test-method> <!-- addNewUserAPI -->
        <test-method signature="addNewUserAPI(java.lang.String,java.lang.String)[pri:0, instance:rdm.CreateNewUserAPI@6743e411]" started-at="2022-03-18T15:53:09 PKT" name="addNewUserAPI" data-provider="userdataprovide" finished-at="2022-03-18T15:53:10 PKT" duration-ms="1214" status="PASS">
          <params>
            <param index="0">
              <value>
                <![CDATA[test5]]>
              </value>
            </param>
            <param index="1">
              <value>
                <![CDATA[Architect]]>
              </value>
            </param>
          </params>
          <reporter-output>
          </reporter-output>
        </test-method> <!-- addNewUserAPI -->
      </class> <!-- rdm.CreateNewUserAPI -->
    </test> <!-- Complete test run -->
  </suite> <!-- APITests -->
</testng-results>
